<?xml version="1.0" encoding="UTF-8"?>
<testsuite name="com.example.cafe.CafeApplicationTests" tests="1" skipped="0" failures="0" errors="0" timestamp="2025-02-19T08:10:40" hostname="DESKTOP-5V66N75" time="0.413">
  <properties/>
  <testcase name="contextLoads()" classname="com.example.cafe.CafeApplicationTests" time="0.413"/>
  <system-out><![CDATA[17:10:36.484 [Test worker] INFO org.springframework.test.context.support.AnnotationConfigContextLoaderUtils -- Could not detect default configuration classes for test class [com.example.cafe.CafeApplicationTests]: CafeApplicationTests does not declare any static, non-private, non-final, nested classes annotated with @Configuration.
17:10:36.591 [Test worker] INFO org.springframework.boot.test.context.SpringBootTestContextBootstrapper -- Found @SpringBootConfiguration com.example.cafe.CafeApplication for test class com.example.cafe.CafeApplicationTests

  .   ____          _            __ _ _
 /\\ / ___'_ __ _ _(_)_ __  __ _ \ \ \ \
( ( )\___ | '_ | '_| | '_ \/ _` | \ \ \ \
 \\/  ___)| |_)| | | | | || (_| |  ) ) ) )
  '  |____| .__|_| |_|_| |_\__, | / / / /
 =========|_|==============|___/=/_/_/_/

?[32m :: Spring Boot :: ?[39m              ?[2m (v3.4.2)?[0;39m

?[2m2025-02-19T17:10:37.026+09:00?[0;39m ?[32m INFO?[0;39m ?[35m27388?[0;39m ?[2m--- [    Test worker] ?[0;39m?[36mcom.example.cafe.CafeApplicationTests   ?[0;39m ?[2m:?[0;39m Starting CafeApplicationTests using Java 23.0.1 with PID 27388 (started by haeun in C:\Java_work\project1\NBE4-5-1-Team05)
?[2m2025-02-19T17:10:37.027+09:00?[0;39m ?[32m INFO?[0;39m ?[35m27388?[0;39m ?[2m--- [    Test worker] ?[0;39m?[36mcom.example.cafe.CafeApplicationTests   ?[0;39m ?[2m:?[0;39m The following 1 profile is active: "test"
?[2m2025-02-19T17:10:37.560+09:00?[0;39m ?[32m INFO?[0;39m ?[35m27388?[0;39m ?[2m--- [    Test worker] ?[0;39m?[36m.s.d.r.c.RepositoryConfigurationDelegate?[0;39m ?[2m:?[0;39m Bootstrapping Spring Data JPA repositories in DEFAULT mode.
?[2m2025-02-19T17:10:37.614+09:00?[0;39m ?[32m INFO?[0;39m ?[35m27388?[0;39m ?[2m--- [    Test worker] ?[0;39m?[36m.s.d.r.c.RepositoryConfigurationDelegate?[0;39m ?[2m:?[0;39m Finished Spring Data repository scanning in 46 ms. Found 2 JPA repository interfaces.
?[2m2025-02-19T17:10:38.105+09:00?[0;39m ?[32m INFO?[0;39m ?[35m27388?[0;39m ?[2m--- [    Test worker] ?[0;39m?[36mo.hibernate.jpa.internal.util.LogHelper ?[0;39m ?[2m:?[0;39m HHH000204: Processing PersistenceUnitInfo [name: default]
?[2m2025-02-19T17:10:38.170+09:00?[0;39m ?[32m INFO?[0;39m ?[35m27388?[0;39m ?[2m--- [    Test worker] ?[0;39m?[36morg.hibernate.Version                   ?[0;39m ?[2m:?[0;39m HHH000412: Hibernate ORM core version 6.6.5.Final
?[2m2025-02-19T17:10:38.207+09:00?[0;39m ?[32m INFO?[0;39m ?[35m27388?[0;39m ?[2m--- [    Test worker] ?[0;39m?[36mo.h.c.internal.RegionFactoryInitiator   ?[0;39m ?[2m:?[0;39m HHH000026: Second-level cache disabled
?[2m2025-02-19T17:10:38.489+09:00?[0;39m ?[32m INFO?[0;39m ?[35m27388?[0;39m ?[2m--- [    Test worker] ?[0;39m?[36mo.s.o.j.p.SpringPersistenceUnitInfo     ?[0;39m ?[2m:?[0;39m No LoadTimeWeaver setup: ignoring JPA class transformer
?[2m2025-02-19T17:10:38.518+09:00?[0;39m ?[32m INFO?[0;39m ?[35m27388?[0;39m ?[2m--- [    Test worker] ?[0;39m?[36mcom.zaxxer.hikari.HikariDataSource      ?[0;39m ?[2m:?[0;39m HikariPool-1 - Starting...
?[2m2025-02-19T17:10:38.685+09:00?[0;39m ?[32m INFO?[0;39m ?[35m27388?[0;39m ?[2m--- [    Test worker] ?[0;39m?[36mcom.zaxxer.hikari.pool.HikariPool       ?[0;39m ?[2m:?[0;39m HikariPool-1 - Added connection conn0: url=jdbc:h2:mem:db_test user=SA
?[2m2025-02-19T17:10:38.687+09:00?[0;39m ?[32m INFO?[0;39m ?[35m27388?[0;39m ?[2m--- [    Test worker] ?[0;39m?[36mcom.zaxxer.hikari.HikariDataSource      ?[0;39m ?[2m:?[0;39m HikariPool-1 - Start completed.
?[2m2025-02-19T17:10:38.739+09:00?[0;39m ?[32m INFO?[0;39m ?[35m27388?[0;39m ?[2m--- [    Test worker] ?[0;39m?[36morg.hibernate.orm.connections.pooling   ?[0;39m ?[2m:?[0;39m HHH10001005: Database info:
	Database JDBC URL [Connecting through datasource 'HikariDataSource (HikariPool-1)']
	Database driver: undefined/unknown
	Database version: 2.3.232
	Autocommit mode: undefined/unknown
	Isolation level: undefined/unknown
	Minimum pool size: undefined/unknown
	Maximum pool size: undefined/unknown
?[2m2025-02-19T17:10:39.492+09:00?[0;39m ?[32m INFO?[0;39m ?[35m27388?[0;39m ?[2m--- [    Test worker] ?[0;39m?[36mo.h.e.t.j.p.i.JtaPlatformInitiator      ?[0;39m ?[2m:?[0;39m HHH000489: No JTA platform available (set 'hibernate.transaction.jta.platform' to enable JTA platform integration)
?[2m2025-02-19T17:10:39.533+09:00?[0;39m ?[32mDEBUG?[0;39m ?[35m27388?[0;39m ?[2m--- [    Test worker] ?[0;39m?[36morg.hibernate.SQL                       ?[0;39m ?[2m:?[0;39m 
    ?[34mcreate?[0m ?[34mtable?[0m orders (
        order_id ?[34minteger?[0m generated ?[34mby?[0m ?[34mdefault?[0m ?[34mas?[0m ?[34midentity?[0m,
        address ?[34mvarchar?[0m(50) ?[34mnot?[0m ?[34mnull?[0m,
        email ?[34mvarchar?[0m(50) ?[34mnot?[0m ?[34mnull?[0m,
        post_code ?[34minteger?[0m,
        ?[34mprimary?[0m ?[34mkey?[0m (order_id)
    )
?[2m2025-02-19T17:10:39.541+09:00?[0;39m ?[32mDEBUG?[0;39m ?[35m27388?[0;39m ?[2m--- [    Test worker] ?[0;39m?[36morg.hibernate.SQL                       ?[0;39m ?[2m:?[0;39m 
    ?[34mcreate?[0m ?[34mtable?[0m product (
        id ?[34mbigint?[0m generated ?[34mby?[0m ?[34mdefault?[0m ?[34mas?[0m ?[34midentity?[0m,
        imageurl ?[34mvarchar?[0m(50) ?[34mnot?[0m ?[34mnull?[0m,
        name ?[34mvarchar?[0m(50) ?[34mnot?[0m ?[34mnull?[0m,
        price ?[34minteger?[0m ?[34mnot?[0m ?[34mnull?[0m,
        ?[34mprimary?[0m ?[34mkey?[0m (id)
    )
?[2m2025-02-19T17:10:39.545+09:00?[0;39m ?[32m INFO?[0;39m ?[35m27388?[0;39m ?[2m--- [    Test worker] ?[0;39m?[36mj.LocalContainerEntityManagerFactoryBean?[0;39m ?[2m:?[0;39m Initialized JPA EntityManagerFactory for persistence unit 'default'
?[2m2025-02-19T17:10:39.972+09:00?[0;39m ?[33m WARN?[0;39m ?[35m27388?[0;39m ?[2m--- [    Test worker] ?[0;39m?[36mJpaBaseConfiguration$JpaWebConfiguration?[0;39m ?[2m:?[0;39m spring.jpa.open-in-view is enabled by default. Therefore, database queries may be performed during view rendering. Explicitly configure spring.jpa.open-in-view to disable this warning
?[2m2025-02-19T17:10:40.256+09:00?[0;39m ?[32m INFO?[0;39m ?[35m27388?[0;39m ?[2m--- [    Test worker] ?[0;39m?[36mcom.example.cafe.CafeApplicationTests   ?[0;39m ?[2m:?[0;39m Started CafeApplicationTests in 3.533 seconds (process running for 4.659)
?[2m2025-02-19T17:10:40.266+09:00?[0;39m ?[32mTRACE?[0;39m ?[35m27388?[0;39m ?[2m--- [    Test worker] ?[0;39m?[36mo.s.t.i.TransactionInterceptor          ?[0;39m ?[2m:?[0;39m Getting transaction for [com.example.cafe.global.BaseInitData$$SpringCGLIB$$0.orderInit]
?[2m2025-02-19T17:10:40.270+09:00?[0;39m ?[32mTRACE?[0;39m ?[35m27388?[0;39m ?[2m--- [    Test worker] ?[0;39m?[36mo.s.t.i.TransactionInterceptor          ?[0;39m ?[2m:?[0;39m Getting transaction for [org.springframework.data.jpa.repository.support.SimpleJpaRepository.save]
?[2m2025-02-19T17:10:40.294+09:00?[0;39m ?[32mDEBUG?[0;39m ?[35m27388?[0;39m ?[2m--- [    Test worker] ?[0;39m?[36morg.hibernate.SQL                       ?[0;39m ?[2m:?[0;39m 
    /* ?[34minsert?[0m ?[34mfor?[0m
        com.example.cafe.domain.?[34morder?[0m.entity.Orders */?[34minsert?[0m 
    ?[34minto?[0m
        orders (address, email, post_code, order_id) 
    ?[34mvalues?[0m
        (?, ?, ?, ?[34mdefault?[0m)
?[2m2025-02-19T17:10:40.296+09:00?[0;39m ?[32mTRACE?[0;39m ?[35m27388?[0;39m ?[2m--- [    Test worker] ?[0;39m?[36morg.hibernate.orm.jdbc.bind             ?[0;39m ?[2m:?[0;39m binding parameter (1:VARCHAR) <- [서울시 구로구]
?[2m2025-02-19T17:10:40.296+09:00?[0;39m ?[32mTRACE?[0;39m ?[35m27388?[0;39m ?[2m--- [    Test worker] ?[0;39m?[36morg.hibernate.orm.jdbc.bind             ?[0;39m ?[2m:?[0;39m binding parameter (2:VARCHAR) <- [haeun9988@naver.com]
?[2m2025-02-19T17:10:40.296+09:00?[0;39m ?[32mTRACE?[0;39m ?[35m27388?[0;39m ?[2m--- [    Test worker] ?[0;39m?[36morg.hibernate.orm.jdbc.bind             ?[0;39m ?[2m:?[0;39m binding parameter (3:INTEGER) <- [352]
?[2m2025-02-19T17:10:40.318+09:00?[0;39m ?[32mTRACE?[0;39m ?[35m27388?[0;39m ?[2m--- [    Test worker] ?[0;39m?[36morg.hibernate.orm.jdbc.extract          ?[0;39m ?[2m:?[0;39m extracted value (1:INTEGER) -> [1]
?[2m2025-02-19T17:10:40.325+09:00?[0;39m ?[32mTRACE?[0;39m ?[35m27388?[0;39m ?[2m--- [    Test worker] ?[0;39m?[36mo.s.t.i.TransactionInterceptor          ?[0;39m ?[2m:?[0;39m Completing transaction for [org.springframework.data.jpa.repository.support.SimpleJpaRepository.save]
?[2m2025-02-19T17:10:40.325+09:00?[0;39m ?[32mTRACE?[0;39m ?[35m27388?[0;39m ?[2m--- [    Test worker] ?[0;39m?[36mo.s.t.i.TransactionInterceptor          ?[0;39m ?[2m:?[0;39m Completing transaction for [com.example.cafe.global.BaseInitData$$SpringCGLIB$$0.orderInit]
?[2m2025-02-19T17:10:40.332+09:00?[0;39m ?[32mTRACE?[0;39m ?[35m27388?[0;39m ?[2m--- [    Test worker] ?[0;39m?[36mo.s.t.i.TransactionInterceptor          ?[0;39m ?[2m:?[0;39m Getting transaction for [com.example.cafe.global.BaseInitData$$SpringCGLIB$$0.productInit]
?[2m2025-02-19T17:10:40.332+09:00?[0;39m ?[32mTRACE?[0;39m ?[35m27388?[0;39m ?[2m--- [    Test worker] ?[0;39m?[36mo.s.t.i.TransactionInterceptor          ?[0;39m ?[2m:?[0;39m Getting transaction for [org.springframework.data.jpa.repository.support.SimpleJpaRepository.save]
?[2m2025-02-19T17:10:40.333+09:00?[0;39m ?[32mDEBUG?[0;39m ?[35m27388?[0;39m ?[2m--- [    Test worker] ?[0;39m?[36morg.hibernate.SQL                       ?[0;39m ?[2m:?[0;39m 
    /* ?[34minsert?[0m ?[34mfor?[0m
        com.example.cafe.domain.product.entity.Product */?[34minsert?[0m 
    ?[34minto?[0m
        product (imageurl, name, price, id) 
    ?[34mvalues?[0m
        (?, ?, ?, ?[34mdefault?[0m)
?[2m2025-02-19T17:10:40.333+09:00?[0;39m ?[32mTRACE?[0;39m ?[35m27388?[0;39m ?[2m--- [    Test worker] ?[0;39m?[36morg.hibernate.orm.jdbc.bind             ?[0;39m ?[2m:?[0;39m binding parameter (1:VARCHAR) <- [이미지]
?[2m2025-02-19T17:10:40.333+09:00?[0;39m ?[32mTRACE?[0;39m ?[35m27388?[0;39m ?[2m--- [    Test worker] ?[0;39m?[36morg.hibernate.orm.jdbc.bind             ?[0;39m ?[2m:?[0;39m binding parameter (2:VARCHAR) <- [아메리카노]
?[2m2025-02-19T17:10:40.333+09:00?[0;39m ?[32mTRACE?[0;39m ?[35m27388?[0;39m ?[2m--- [    Test worker] ?[0;39m?[36morg.hibernate.orm.jdbc.bind             ?[0;39m ?[2m:?[0;39m binding parameter (3:INTEGER) <- [4500]
?[2m2025-02-19T17:10:40.334+09:00?[0;39m ?[32mTRACE?[0;39m ?[35m27388?[0;39m ?[2m--- [    Test worker] ?[0;39m?[36morg.hibernate.orm.jdbc.extract          ?[0;39m ?[2m:?[0;39m extracted value (1:BIGINT) -> [1]
?[2m2025-02-19T17:10:40.334+09:00?[0;39m ?[32mTRACE?[0;39m ?[35m27388?[0;39m ?[2m--- [    Test worker] ?[0;39m?[36mo.s.t.i.TransactionInterceptor          ?[0;39m ?[2m:?[0;39m Completing transaction for [org.springframework.data.jpa.repository.support.SimpleJpaRepository.save]
?[2m2025-02-19T17:10:40.334+09:00?[0;39m ?[32mTRACE?[0;39m ?[35m27388?[0;39m ?[2m--- [    Test worker] ?[0;39m?[36mo.s.t.i.TransactionInterceptor          ?[0;39m ?[2m:?[0;39m Completing transaction for [com.example.cafe.global.BaseInitData$$SpringCGLIB$$0.productInit]
Hello World
]]></system-out>
  <system-err><![CDATA[Mockito is currently self-attaching to enable the inline-mock-maker. This will no longer work in future releases of the JDK. Please add Mockito as an agent to your build what is described in Mockito's documentation: https://javadoc.io/doc/org.mockito/mockito-core/latest/org/mockito/Mockito.html#0.3
WARNING: A Java agent has been loaded dynamically (C:\Users\haeun\.gradle\caches\modules-2\files-2.1\net.bytebuddy\byte-buddy-agent\1.15.11\a38b16385e867f59a641330f0362ebe742788ed8\byte-buddy-agent-1.15.11.jar)
WARNING: If a serviceability tool is in use, please run with -XX:+EnableDynamicAgentLoading to hide this warning
WARNING: If a serviceability tool is not in use, please run with -Djdk.instrument.traceUsage for more information
WARNING: Dynamic loading of agents will be disallowed by default in a future release
]]></system-err>
</testsuite>
